20221029	18:42:26	b3d11b55-9afa-447d-b71b-63a905124380	GET	/	undefined
20221029	18:42:26	2f78a3b3-b303-435b-891f-f414b9eb15ef	GET	/css/style.css	undefined
29102022	18:58:34	9e665352-ba79-4620-9ee2-1eb290f1584d	GET	/	undefined
29102022	18:58:34	c60a2671-1cc9-440c-9193-83d24121883a	GET	/css/style.css	undefined
29102022	19:50:44	32d0d94f-d7f7-4eb5-acba-e9e8e2d3221f	OPTIONS	/	https://www.google.com
29102022	19:50:44	86cba15b-4b62-4f18-a96d-4abbe66cfd4c	GET	/	https://www.google.com
30102022	17:52:07	f9a1e2ee-17f1-4ed8-904d-63b60c27683d	GET	/users	undefined
30102022	17:57:10	ba4a9592-57ae-4d79-8834-f548f4a19c9d	GET	/users	undefined
30102022	17:58:55	29872431-7b47-4f87-8b91-493ba15f28a1	POST	/users	undefined
30102022	17:59:34	056a9c16-05b7-48f9-aa60-01b55f20b983	POST	/users	undefined
30102022	18:01:11	3bfa2995-b234-47e8-b974-01a3413d795f	POST	/users	undefined
30102022	18:02:13	213fdbb4-426d-46c0-9a95-1d0bbd4718c0	GET	/users	undefined
30102022	18:03:37	8ae63a10-473a-4f92-bf08-670ca7be6706	GET	/users	undefined
30102022	18:05:40	85fbe8e8-d723-49e3-8aa5-1bcd41bc0f31	GET	/users	undefined
30102022	18:05:41	ff7071d7-e448-480d-ab11-5274a2a3c384	GET	/users	undefined
30102022	18:06:49	0ffef8af-6db4-4f5d-80dc-692675c06c26	GET	/users	undefined
30102022	18:10:44	f22b9b05-8bba-4896-b851-83f440de765b	DELETE	/users	undefined
30102022	18:11:13	4fe0de8f-a957-41fc-9161-f11f8670df0c	POST	/users	undefined
30102022	18:11:21	f92f30a7-5214-46c7-ae6f-5ebd81d5a4a9	POST	/users	undefined
30102022	18:11:27	b0a59d9c-2000-49ce-be9a-aeff96c10564	GET	/users	undefined
30102022	18:12:24	707d9d0c-e80a-4772-ae56-4536eb48c992	POST	/users	undefined
30102022	18:12:29	d2dd14ed-d43f-4b0a-8675-8473b20f0150	GET	/users	undefined
30102022	18:14:32	dce7f6f8-533d-4214-a583-7b6b08845f9b	GET	/users	undefined
30102022	18:18:12	5b5d7037-1518-422e-8e42-91d36796dcfa	PATCH	/users	undefined
30102022	18:18:22	17d48d2f-c6bb-4940-8012-611156478067	PATCH	/users	undefined
30102022	18:18:30	62287f47-76f0-4853-bbfd-d56e3711379a	GET	/users	undefined
30102022	18:18:39	521ffead-3086-4739-b2b0-38d8ac6e279e	GET	/users	undefined
30102022	18:18:51	9fa063dd-753a-4512-8db9-d4920073bf56	PATCH	/users	undefined
30102022	18:20:28	8efad6ad-3f16-4e5e-86fa-0b110a37b9d5	PATCH	/users	undefined
30102022	18:20:29	95b584e7-0a82-4441-b31c-6668c382d70d	PATCH	/users	undefined
30102022	18:25:29	7310031b-2549-4eb2-84b3-bffddbed2a37	PATCH	/users	undefined
30102022	18:25:30	c70ed288-b06a-4477-a03d-2abef835395f	PATCH	/users	undefined
30102022	18:25:54	1996d753-e24e-4486-ba5d-0d531f74f100	PATCH	/users	undefined
30102022	18:25:55	f0c65ee1-25f3-455b-93af-137b4668d1f2	PATCH	/users	undefined
30102022	18:25:56	6c17fb68-4fa1-4881-a1bc-23c9999087a8	PATCH	/users	undefined
30102022	18:25:56	a1f72897-b5aa-42a8-adbf-85af69e9f6ce	PATCH	/users	undefined
30102022	18:25:58	fd067ecf-d844-4263-a979-d224c16b4ae0	PATCH	/users	undefined
30102022	18:26:51	c58cdf3f-51cf-483e-8a0d-ed0fdad37409	GET	/users	undefined
30102022	18:27:15	5ad08daa-0dad-46df-a056-58ae87dff780	PATCH	/users	undefined
30102022	19:03:48	3f24246f-7931-4dc7-90c5-86921b6ef6e7	PATCH	/users	undefined
30102022	19:03:49	9a6ec763-d034-4e9d-b404-4fc84b7b41d4	PATCH	/users	undefined
30102022	19:05:39	af1428c4-6fd5-48f5-8f0c-8b3594e8a210	PATCH	/users	undefined
30102022	19:05:40	345cc5ac-5c07-4783-a656-a6b32b61c9ca	PATCH	/users	undefined
30102022	19:09:09	c6aec90f-7d7b-4ae2-b06b-40d4581e5e9e	PATCH	/users	undefined
30102022	19:09:10	52ef3f92-4439-4802-a337-06116f722997	PATCH	/users	undefined
30102022	19:09:41	74133c6a-89cc-4536-b585-88a17cdb07d2	PATCH	/users	undefined
30102022	19:09:42	349a1aad-339c-439f-b676-dff4971de5d1	PATCH	/users	undefined
30102022	19:11:17	d6556638-e361-43cd-a066-5f46adf24287	PATCH	/users	undefined
30102022	19:11:18	532208ec-98fb-4bf1-a3ae-628fd34019b9	PATCH	/users	undefined
30102022	19:11:28	98dae477-02e9-4dd7-82b6-1f64d24c99cf	PATCH	/users	undefined
30102022	19:11:29	2b666abf-4076-4e07-96c0-5b6db2760ac8	PATCH	/users	undefined
30102022	19:11:36	e1b9106e-ea64-424f-8432-423e649291c8	GET	/users	undefined
30102022	19:11:56	58093f20-dc3b-4cf3-b4aa-413762d90082	GET	/users	undefined
30102022	19:12:17	6f1b5175-807d-4ea5-8e18-45fa4a861d0d	PATCH	/users	undefined
30102022	19:13:48	97102261-47e0-49a6-90f8-51a680e64c1c	PATCH	/users	undefined
30102022	19:14:53	f4e494a1-3040-4d30-b794-4729bc52b5be	PATCH	/users	undefined
30102022	19:14:55	fee22480-6132-4381-8b47-b0cdd8892487	PATCH	/users	undefined
30102022	19:15:12	68c28b93-06c9-4eb9-9b9f-21d477e13194	PATCH	/users	undefined
30102022	19:15:13	44bc3348-e0a3-4563-a05a-391f0c5a146b	PATCH	/users	undefined
30102022	19:15:53	da0e2046-779d-46f4-96d8-2441e39d2f86	PATCH	/users	undefined
30102022	19:16:35	d2ed71f6-725e-4df8-9218-49ed789aeb21	PATCH	/users	undefined
30102022	19:16:44	e67a0b93-1c8d-4c0c-9d1c-17fe2826ce07	PATCH	/users	undefined
30102022	19:16:50	6dfb7968-c650-4cca-80d4-81846ba57c0f	PATCH	/users	undefined
30102022	19:17:00	d7c18139-8c36-4295-b2ea-075a0736f97a	GET	/users	undefined
31102022	14:57:10	3397535d-7342-4508-b7a0-61d95daaadb0	GET	/users	undefined
31102022	14:57:33	53fef712-862d-4347-9969-1b5cb7170218	DELETE	/users	undefined
31102022	14:57:39	90b346f1-e222-4c68-8593-767a3b17c698	DELETE	/users	undefined
31102022	14:57:53	08f22c60-fe74-4883-a40a-00775f02de47	GET	/users	undefined
31102022	16:10:05	fc9354b2-9211-47a9-99a2-c0de42a47dbc	GET	/notes	undefined
31102022	16:10:07	34eee670-dbad-4c04-a2c4-c2c7abab6dba	GET	/notes	undefined
31102022	16:10:59	25e8317b-62f1-4ca7-af4e-ada501b0dec8	POST	/notes	undefined
31102022	16:11:49	bcae8587-6952-4718-ae86-2b287498292f	POST	/users	undefined
31102022	16:12:22	68559c88-a1e6-4488-a4c4-ab4ce01f528d	POST	/notes	undefined
31102022	16:12:29	a00cd047-567b-413e-a583-a3631c2db658	POST	/notes	undefined
31102022	16:13:31	bffeeb75-0540-488b-93a4-ed222be71f34	POST	/notes	undefined
31102022	16:16:38	9087afa8-af08-4e36-a8e2-a4cca581fd20	GET	/users	undefined
31102022	16:17:49	4e35bb71-ca15-4dc2-8891-5c1e28cfb9a1	GET	/notes	undefined
31102022	16:18:18	47e8a2ed-c013-4ee8-b5ff-08bcfad448e4	POST	/notes	undefined
31102022	16:19:14	9b2292f0-357d-419f-81aa-a4068e4473a9	POST	/notes	undefined
31102022	16:19:25	05380169-d73b-4cfe-9fa3-bee6306c123f	POST	/notes	undefined
31102022	16:19:32	32344fb3-1f38-469a-b39c-a53d6e3962e5	GET	/users	undefined
31102022	16:19:59	38732bee-e394-4d5b-b726-d1c5db7318b3	POST	/notes	undefined
31102022	16:20:05	84a7fd3d-f997-41fa-a3f0-144dc81ad0d2	POST	/notes	undefined
31102022	16:20:18	bb3345ff-0e9b-4c40-b6e7-dde21d4f8f94	POST	/notes	undefined
31102022	16:20:48	fbf005b8-405c-4b84-ade6-d8e7c11a8feb	POST	/notes	undefined
31102022	16:20:58	dfa922f2-9e9c-42ff-9c88-7ff56b77b8b2	GET	/notes	undefined
31102022	16:21:16	c77a6bc8-8a34-48f9-b2c0-9819347ad832	GET	/notes	undefined
31102022	16:21:32	2bde0b7c-70ba-46a3-972f-b465518ec081	GET	/notes	undefined
31102022	16:21:33	0513fb03-4629-4481-bfb0-e9f9bee24b7e	GET	/notes	undefined
31102022	16:21:34	8dc88df2-c357-4275-bfbb-22272d1984f8	GET	/notes	undefined
31102022	16:21:37	5e0c2f68-ac42-42fd-9a99-9b3fc94b247f	GET	/notes	undefined
31102022	16:24:47	5afc04da-6650-4e3f-9a6d-d395c7757627	POST	/notes	undefined
31102022	16:25:00	5990d950-b7cf-4c12-b8f1-177892fac2e0	POST	/notes	undefined
31102022	16:32:27	2839c60c-e0ed-40f4-b4a5-502255e681f1	GET	/notes	undefined
01112022	18:32:42	daf4b4ad-b8d8-46de-a6ec-169de35126e2	GET	/users	http://localhost:3000
01112022	18:33:38	17175a56-b50a-424c-a7e7-7b51abb1da3b	GET	/users	http://localhost:3000
01112022	18:34:01	44b0db7a-3fe1-4055-b08c-4454b53fb5a6	GET	/users	http://localhost:3000
01112022	18:44:45	3478673b-2e3c-42d5-a4d0-dc7fdf5672c2	GET	/users	http://localhost:3000
01112022	18:44:48	c815b253-8543-40db-9b26-f6941d278262	GET	/users	http://localhost:3000
01112022	18:45:38	6098007f-90fb-48d8-9592-8aacf95b9e6c	GET	/users	http://localhost:3000
01112022	18:45:40	0a49b5b5-c913-4e05-ab3e-da7ac9ab4c4f	GET	/users	http://localhost:3000
01112022	18:45:40	b5ad8d2a-5e38-4c24-9ba3-12bdc9335574	GET	/users	http://localhost:3000
01112022	18:50:55	6cfc0f33-5c68-49b8-94c2-b30bdf3244e2	GET	/users	http://localhost:3000
01112022	18:51:19	ac66a38d-0160-4e4b-bcf5-4c265838e369	GET	/users	http://localhost:3000
01112022	18:52:07	ea1b15ac-1351-4016-8b31-4bbad718f85f	GET	/users	http://localhost:3000
01112022	18:53:45	13d656ee-1f95-4025-925e-e84b790fa96d	GET	/users	http://localhost:3000
01112022	18:55:23	4d001b4f-b496-4b1f-bdb2-146f6e91dac7	GET	/users	http://localhost:3000
01112022	18:58:20	87df33e1-b6f2-421e-a28f-6c3a4a0d5b64	GET	/users	http://localhost:3000
01112022	18:59:34	682f3ec6-f2ec-4272-88de-021aab87eed2	GET	/users	http://localhost:3000
01112022	19:04:33	1e6b254e-daa0-4343-b85e-7d7321c5f3bf	GET	/notes	http://localhost:3000
01112022	19:04:36	516e41dd-11b0-40e5-b878-2de2adae4256	GET	/users	http://localhost:3000
01112022	19:04:39	80e83b64-93e2-4296-b119-e2bc1b224a8b	GET	/notes	http://localhost:3000
01112022	19:04:57	1a51cd2c-b454-469f-b74f-237a325e3455	POST	/notes	undefined
01112022	19:05:14	904cb879-846e-4142-8092-15320cc31aef	GET	/users	undefined
01112022	19:05:25	c7b8a242-2e79-4e12-9281-b1a95b66f1ce	GET	/notes	undefined
01112022	19:05:31	1bf130a4-c0a9-4f73-9194-f532f129a1c5	GET	/notes	undefined
01112022	19:06:01	91ef4d52-dc21-4ed8-b5dd-27030147604b	POST	/notes	undefined
01112022	19:06:11	3445f4fd-ba33-4979-a819-3860d3a65d4b	GET	/notes	undefined
01112022	19:06:20	7e1a819f-7c45-4885-85c1-01a41b7d2265	GET	/notes	http://localhost:3000
01112022	19:31:25	f6d27ea2-1a30-42a0-9ac3-ea482c8f1e98	GET	/notes	http://localhost:3000
01112022	19:31:58	e625ea4d-8cc8-4d78-ad11-0837ea3b236c	GET	/users	http://localhost:3000
01112022	19:32:01	9551274a-3812-4fcb-afa5-106584cd94ab	GET	/notes	http://localhost:3000
01112022	19:32:33	d5717113-72fd-4db1-9101-e94b2a339995	GET	/notes	http://localhost:3000
01112022	19:34:10	610a653d-d35e-4618-9d2e-dd27c9e52ab7	GET	/notes	undefined
01112022	19:36:06	0d073a33-1486-4460-8911-6ae427ff2b68	GET	/notes	http://localhost:3000
01112022	19:36:58	561c5bf3-81db-4071-b6b5-85edbee5d4f2	GET	/notes	http://localhost:3000
01112022	19:40:50	80500ee2-685e-453e-a2c8-e90385aad9d6	GET	/notes	undefined
01112022	19:43:09	3a485724-9af9-44aa-8478-712b7b67f91d	GET	/notes	undefined
01112022	19:43:11	d3b8350c-1051-4f42-b965-9920f1f482f9	GET	/notes	undefined
01112022	19:49:48	18bf81bf-8369-4338-9deb-1a522df1b5c4	GET	/notes	undefined
01112022	19:54:03	51cefdca-d7fa-4fb6-8aec-43d45aa3ccfe	GET	/notes	undefined
01112022	19:57:13	75b4ea35-ba92-4f68-b900-48ecded1aadf	GET	/notes	undefined
01112022	19:58:04	11ec4cfc-fbbf-460d-9d8e-8e3b5e6dda01	GET	/notes	undefined
01112022	19:58:12	10ab7098-b5ae-4f4a-b71f-8d6d5c3e9ac3	GET	/dash/notes	undefined
01112022	19:58:22	3c6668d0-24e7-4c5e-8584-c079fd301b1d	GET	/notes	undefined
01112022	20:01:24	d24d8479-efd6-4ea5-ae0f-bb25cb2c9f75	GET	/notes	http://localhost:3000
01112022	20:01:27	767aecec-144d-48e3-80b0-efad3b9efc43	GET	/users	http://localhost:3000
01112022	20:01:35	caa72502-1bbd-44f7-b9e4-62702f15e87b	GET	/notes	http://localhost:3000
01112022	20:06:39	1e113c0c-b281-46d2-86d0-ef6f1280642a	GET	/notes	undefined
01112022	20:14:55	1d91eb40-d600-42ee-aa23-dff6490dc98c	POST	/notes	undefined
01112022	20:16:26	e732700a-9e61-4254-b918-4603dce15bab	POST	/users	undefined
01112022	20:16:37	b3638edb-8993-484e-8774-29808cc704d1	POST	/users	undefined
01112022	20:16:38	e7f9dc6d-8a2d-4549-a0de-7d4b0f83ff8f	POST	/users	undefined
01112022	20:16:51	4e4c6621-8d61-4d53-b90c-0aa8a1758458	POST	/users	undefined
01112022	20:17:03	45ef2b72-abc7-41c5-b31f-63e86e0e9edf	POST	/users	undefined
01112022	20:17:08	121878ff-9cb7-4138-8533-5e4d5d585cec	POST	/user	undefined
01112022	20:17:14	dbed87d5-3f46-4158-abf4-8f920ad7ac25	POST	/users	undefined
01112022	20:17:26	74cee3d6-d7a7-4849-ac45-16281f85310d	POST	/users	undefined
01112022	20:17:26	979b63cd-f7f6-42d1-8e25-31f6b1644eba	POST	/users	undefined
01112022	20:17:54	45c3a92e-61e2-4087-9cb7-167a9c69de58	POST	/users	undefined
01112022	20:18:54	ba0a342f-0b26-46dd-ad1e-d965f9306c02	POST	/users	undefined
01112022	20:18:55	1cdff532-8ca0-422f-8ea0-cb8b7f9774f9	POST	/users	undefined
01112022	20:19:21	20e2e2cf-c40b-481b-a8b2-22b4b5c76ad4	POST	/users	undefined
01112022	20:19:30	0c7fc058-14e3-4e9a-b113-1a984e012c43	POST	/users	undefined
01112022	20:19:31	f7d0df38-a875-4a08-a8c2-5adb2b63c146	POST	/users	undefined
01112022	20:19:31	e27efc83-8195-44b5-9068-c83a34525265	POST	/users	undefined
01112022	20:20:01	e34ac3be-45d7-434f-b64c-99f549ff01f9	POST	/users	undefined
01112022	20:21:07	7cc82704-f4f8-4803-ad0f-43daa4803fca	GET	/users	undefined
01112022	20:21:42	c60a1577-a8d2-4aec-8bf9-0db165214ac8	POST	/users	undefined
01112022	20:22:09	5db44dfe-d809-4a80-b36a-d75405bfc2b3	POST	/users	undefined
01112022	20:22:32	58ce4438-c764-43e6-b866-b7d9059195e2	GET	/users	undefined
01112022	20:22:37	277f756e-afe3-4a79-8d6c-d29e8daeb263	GET	/notes	http://localhost:3000
01112022	20:22:42	eca52317-8220-4734-be0f-bad28e3d820c	GET	/users	http://localhost:3000
01112022	20:24:31	da9c371a-78d9-4f39-b824-ee86af40eda0	GET	/users	undefined
01112022	20:24:37	04b11491-692c-4c15-8ab5-f25e138dd6f6	POST	/users	undefined
01112022	20:24:43	f96c9788-adee-44fc-8a48-e48ffa959b78	GET	/users	undefined
01112022	20:25:14	90f07448-0ce1-49b9-923c-c31130407ee6	PATCH	/users	undefined
01112022	20:25:23	905662b3-50d4-4eb6-8bd6-b551da6dabe4	PATCH	/users	undefined
01112022	20:25:47	90e19d70-ed2e-4ac6-81c5-61c81a424c92	PATCH	/users	undefined
01112022	20:25:48	ff231c4c-1f88-42f5-9a2a-16be853fec8c	PATCH	/users	undefined
01112022	20:25:55	7305e4f3-edc2-47bb-af0f-635ee63ec50d	PATCH	/users	undefined
01112022	20:26:01	9cc14731-c181-49b5-a13e-fed94546be86	GET	/users	undefined
01112022	20:31:47	c701c95e-0a58-4619-8c6b-7fff64b38db0	POST	/notes	undefined
01112022	20:31:58	dd639183-357f-4774-ae61-7e55582c9a71	POST	/notes	undefined
01112022	20:32:11	fc626fc4-9569-4cd8-aed4-781871078c67	POST	/notes	undefined
01112022	20:32:12	ccb408f5-e453-45b3-82fd-95086a466cdb	POST	/notes	undefined
01112022	20:32:14	dfb5d1dd-9717-4938-9142-55b0e016d5c6	POST	/notes	undefined
01112022	20:32:24	2252754b-1d8c-47ef-aac4-9d6fdd60417d	POST	/notes	undefined
01112022	20:32:25	4a6d2bc8-9b9b-40e3-89d8-9d669a8b8815	POST	/notes	undefined
01112022	20:32:40	7381edad-5293-47ef-876c-d85fdf06ceca	POST	/users	undefined
01112022	20:32:45	c2a0515f-0a26-4409-963f-5e3a5f229665	GET	/users	undefined
01112022	20:34:07	6d990afe-5425-434f-b06e-7e738f3f9319	POST	/notes	undefined
01112022	20:34:31	2c617b63-1f34-4901-b421-ac08885072b2	GET	/users	undefined
01112022	20:34:50	5dbb9be9-878a-4faa-a600-ca8382b7efa6	GET	/users	undefined
01112022	20:35:08	811faabd-3ab4-4056-9117-06b25357d4e6	POST	/notes	undefined
01112022	20:35:17	f3097620-3814-416e-9f11-4bfe02f3fb8b	POST	/notes	undefined
01112022	20:36:35	948f01f9-c769-4036-ad88-09fd34f0aa53	GET	/notes	undefined
01112022	20:37:04	89b8cc03-9e2f-49dd-bb58-40be0462cc0d	GET	/notes	undefined
01112022	20:37:05	0fb2757d-7ffa-4772-b4d4-0332bfa9a367	GET	/notes	undefined
01112022	20:37:06	16815247-0246-4464-85b0-cb645099f197	GET	/notes	undefined
01112022	20:37:07	53daa52d-43d7-4d39-b068-972bf46d2828	GET	/notes	undefined
01112022	20:37:19	f17c7e76-87af-4515-a877-05766abfe5b9	POST	/notes	undefined
01112022	20:37:24	6ce3176c-e511-4286-b75d-b82b32759360	POST	/notes	undefined
01112022	20:37:32	a7efb2a4-6c23-45e2-8669-993d72c5f160	GET	/notes	undefined
01112022	20:37:51	7b71b570-3115-4156-8d80-3a1f6aeaf1df	GET	/users	undefined
01112022	20:38:01	1c7bad6e-ca6b-4ed6-8362-e85036246743	GET	/users	http://localhost:3000
01112022	20:42:50	b6395f95-ae41-4c9a-af6e-5e3ccadbd9a3	GET	/notes	undefined
01112022	20:43:03	baeaee93-3f90-4f15-97c3-a935f5e40ea6	GET	/notes	http://localhost:3000
